生成启动时间为 2011/10/30 0:38:08。
     1>项目“D:\study\1.5\data stc\bees_5100309068_chenqiming\bees_vs\bees_vs.vcxproj”在节点 2 上(build 个目标)。
     1>PrepareForBuild:
         正在创建目录“D:\study\1.5\data stc\bees_5100309068_chenqiming\Debug\”。
       InitializeBuildStatus:
         正在创建“Debug\bees_vs.unsuccessfulbuild”，因为已指定“AlwaysCreate”。
       ClCompile:
         C:\Program Files\Microsoft Visual Studio 10.0\VC\bin\CL.exe /c /ZI /nologo /W3 /WX- /Od /Oy- /D WIN32 /D _DEBUG /D _CONSOLE /D _UNICODE /D UNICODE /Gm /EHsc /RTC1 /MDd /GS /fp:precise /Zc:wchar_t /Zc:forScope /Fo"Debug\\" /Fd"Debug\vc100.pdb" /Gd /TP /analyze- /errorReport:prompt bees_vs.cpp
         bees_vs.cpp
     1>d:\study\1.5\data stc\bees_5100309068_chenqiming\bees_vs\linkedlist.h(443): warning C4715: “LinkedList<int>::removeIndex”: 不是所有的控件路径都返回值
     1>d:\study\1.5\data stc\bees_5100309068_chenqiming\bees_vs\hashset.h(135): warning C4715: “HashSet<int,`testHashSet'::`2'::Hashint>::Iterator::next”: 不是所有的控件路径都返回值
     1>d:\study\1.5\data stc\bees_5100309068_chenqiming\bees_vs\hashset.h(87): warning C4715: “HashSet<int,`testHashSet'::`2'::Hashint>::ConstIterator::next”: 不是所有的控件路径都返回值
     1>d:\study\1.5\data stc\bees_5100309068_chenqiming\bees_vs\hashmap.h(135): warning C4715: “HashMap<int,int,`testHashMap'::`2'::Hashint>::Iterator::next”: 不是所有的控件路径都返回值
     1>d:\study\1.5\data stc\bees_5100309068_chenqiming\bees_vs\hashmap.h(87): warning C4715: “HashMap<int,int,`testHashMap'::`2'::Hashint>::ConstIterator::next”: 不是所有的控件路径都返回值
     1>d:\study\1.5\data stc\bees_5100309068_chenqiming\bees_vs\hashset.h(135): warning C4715: “HashSet<int,`performanceTestHashSet'::`2'::Hashint>::Iterator::next”: 不是所有的控件路径都返回值
     1>d:\study\1.5\data stc\bees_5100309068_chenqiming\bees_vs\hashmap.h(135): warning C4715: “HashMap<int,int,`performanceTestHashMap'::`2'::Hashint>::Iterator::next”: 不是所有的控件路径都返回值
     1>d:\study\1.5\data stc\bees_5100309068_chenqiming\bees_vs\hashset.h(135): warning C4715: “HashSet<int,`performanceCompareHashSet'::`2'::Hashint_>::Iterator::next”: 不是所有的控件路径都返回值
     1>d:\study\1.5\data stc\bees_5100309068_chenqiming\bees_vs\hashmap.h(135): warning C4715: “HashMap<int,int,`performanceCompareHashMap'::`2'::Hashint_>::Iterator::next”: 不是所有的控件路径都返回值
     1>d:\study\1.5\data stc\bees_5100309068_chenqiming\bees_vs\hashset.h(87): warning C4715: “HashSet<int,`performanceTestHashSet'::`2'::Hashint>::ConstIterator::next”: 不是所有的控件路径都返回值
     1>d:\study\1.5\data stc\bees_5100309068_chenqiming\bees_vs\hashmap.h(87): warning C4715: “HashMap<int,int,`performanceTestHashMap'::`2'::Hashint>::ConstIterator::next”: 不是所有的控件路径都返回值
       ManifestResourceCompile:
         C:\Program Files\Microsoft SDKs\Windows\v7.0A\bin\rc.exe /nologo /fo"Debug\bees_vs.exe.embed.manifest.res" Debug\bees_vs_manifest.rc 
       Link:
         C:\Program Files\Microsoft Visual Studio 10.0\VC\bin\link.exe /ERRORREPORT:PROMPT /OUT:"D:\study\1.5\data stc\bees_5100309068_chenqiming\Debug\bees_vs.exe" /INCREMENTAL /NOLOGO kernel32.lib user32.lib gdi32.lib winspool.lib comdlg32.lib advapi32.lib shell32.lib ole32.lib oleaut32.lib uuid.lib odbc32.lib odbccp32.lib /MANIFEST /ManifestFile:"Debug\bees_vs.exe.intermediate.manifest" /MANIFESTUAC:"level='asInvoker' uiAccess='false'" /DEBUG /PDB:"D:\study\1.5\data stc\bees_5100309068_chenqiming\Debug\bees_vs.pdb" /SUBSYSTEM:CONSOLE /TLBID:1 /DYNAMICBASE /NXCOMPAT /IMPLIB:"D:\study\1.5\data stc\bees_5100309068_chenqiming\Debug\bees_vs.lib" /MACHINE:X86 Debug\bees_vs.exe.embed.manifest.res
         Debug\bees_vs.obj
       Manifest:
         C:\Program Files\Microsoft SDKs\Windows\v7.0A\bin\mt.exe /nologo /verbose /out:"Debug\bees_vs.exe.embed.manifest" /manifest Debug\bees_vs.exe.intermediate.manifest
         C:\Program Files\Microsoft SDKs\Windows\v7.0A\bin\rc.exe /nologo /fo"Debug\bees_vs.exe.embed.manifest.res" Debug\bees_vs_manifest.rc 
       LinkEmbedManifest:
         C:\Program Files\Microsoft Visual Studio 10.0\VC\bin\link.exe /ERRORREPORT:PROMPT /OUT:"D:\study\1.5\data stc\bees_5100309068_chenqiming\Debug\bees_vs.exe" /INCREMENTAL /NOLOGO kernel32.lib user32.lib gdi32.lib winspool.lib comdlg32.lib advapi32.lib shell32.lib ole32.lib oleaut32.lib uuid.lib odbc32.lib odbccp32.lib /MANIFEST /ManifestFile:"Debug\bees_vs.exe.intermediate.manifest" /MANIFESTUAC:"level='asInvoker' uiAccess='false'" /DEBUG /PDB:"D:\study\1.5\data stc\bees_5100309068_chenqiming\Debug\bees_vs.pdb" /SUBSYSTEM:CONSOLE /TLBID:1 /DYNAMICBASE /NXCOMPAT /IMPLIB:"D:\study\1.5\data stc\bees_5100309068_chenqiming\Debug\bees_vs.lib" /MACHINE:X86 Debug\bees_vs.exe.embed.manifest.res
         Debug\bees_vs.obj
         bees_vs.vcxproj -> D:\study\1.5\data stc\bees_5100309068_chenqiming\Debug\bees_vs.exe
       FinalizeBuildStatus:
         正在删除文件“Debug\bees_vs.unsuccessfulbuild”。
         正在对“Debug\bees_vs.lastbuildstate”执行 Touch 任务。
     1>已完成生成项目“D:\study\1.5\data stc\bees_5100309068_chenqiming\bees_vs\bees_vs.vcxproj”(build 个目标)的操作。

生成成功。

已用时间 00:00:08.13
