生成启动时间为 2011/10/30 0:38:59。
     1>项目“D:\study\1.5\data stc\bees_5100309068_chenqiming\bees_vs\bees_vs.vcxproj”在节点 2 上(build 个目标)。
     1>PrepareForBuild:
         正在创建目录“D:\study\1.5\data stc\bees_5100309068_chenqiming\Release\”。
       InitializeBuildStatus:
         正在创建“Release\bees_vs.unsuccessfulbuild”，因为已指定“AlwaysCreate”。
       ClCompile:
         C:\Program Files\Microsoft Visual Studio 10.0\VC\bin\CL.exe /c /Zi /nologo /W3 /WX- /O2 /Oi /Oy- /GL /D WIN32 /D NDEBUG /D _CONSOLE /D _UNICODE /D UNICODE /Gm- /EHsc /MD /GS /Gy /fp:precise /Zc:wchar_t /Zc:forScope /Fo"Release\\" /Fd"Release\vc100.pdb" /Gd /TP /analyze- /errorReport:prompt bees_vs.cpp
         bees_vs.cpp
       Link:
         C:\Program Files\Microsoft Visual Studio 10.0\VC\bin\link.exe /ERRORREPORT:PROMPT /OUT:"D:\study\1.5\data stc\bees_5100309068_chenqiming\Release\bees_vs.exe" /INCREMENTAL:NO /NOLOGO kernel32.lib user32.lib gdi32.lib winspool.lib comdlg32.lib advapi32.lib shell32.lib ole32.lib oleaut32.lib uuid.lib odbc32.lib odbccp32.lib /MANIFEST /ManifestFile:"Release\bees_vs.exe.intermediate.manifest" /MANIFESTUAC:"level='asInvoker' uiAccess='false'" /DEBUG /PDB:"D:\study\1.5\data stc\bees_5100309068_chenqiming\Release\bees_vs.pdb" /SUBSYSTEM:CONSOLE /OPT:REF /OPT:ICF /LTCG /TLBID:1 /DYNAMICBASE /NXCOMPAT /IMPLIB:"D:\study\1.5\data stc\bees_5100309068_chenqiming\Release\bees_vs.lib" /MACHINE:X86 Release\bees_vs.obj
         正在生成代码
     1>d:\study\1.5\data stc\bees_5100309068_chenqiming\bees_vs\linkedlist.h(443): warning C4715: “LinkedList<int>::removeIndex”: 不是所有的控件路径都返回值
     1>d:\study\1.5\data stc\bees_5100309068_chenqiming\bees_vs\hashmap.h(87): warning C4715: “HashMap<int,int,`performanceTestHashMap'::`2'::Hashint>::ConstIterator::next”: 不是所有的控件路径都返回值
     1>d:\study\1.5\data stc\bees_5100309068_chenqiming\bees_vs\hashset.h(87): warning C4715: “HashSet<int,`performanceTestHashSet'::`2'::Hashint>::ConstIterator::next”: 不是所有的控件路径都返回值
     1>d:\study\1.5\data stc\bees_5100309068_chenqiming\bees_vs\hashmap.h(135): warning C4715: “HashMap<int,int,`performanceCompareHashMap'::`2'::Hashint_>::Iterator::next”: 不是所有的控件路径都返回值
     1>d:\study\1.5\data stc\bees_5100309068_chenqiming\bees_vs\hashset.h(135): warning C4715: “HashSet<int,`performanceCompareHashSet'::`2'::Hashint_>::Iterator::next”: 不是所有的控件路径都返回值
     1>d:\study\1.5\data stc\bees_5100309068_chenqiming\bees_vs\hashmap.h(135): warning C4715: “HashMap<int,int,`performanceTestHashMap'::`2'::Hashint>::Iterator::next”: 不是所有的控件路径都返回值
     1>d:\study\1.5\data stc\bees_5100309068_chenqiming\bees_vs\hashset.h(135): warning C4715: “HashSet<int,`performanceTestHashSet'::`2'::Hashint>::Iterator::next”: 不是所有的控件路径都返回值
     1>d:\study\1.5\data stc\bees_5100309068_chenqiming\bees_vs\hashmap.h(87): warning C4715: “HashMap<int,int,`testHashMap'::`2'::Hashint>::ConstIterator::next”: 不是所有的控件路径都返回值
     1>d:\study\1.5\data stc\bees_5100309068_chenqiming\bees_vs\hashmap.h(135): warning C4715: “HashMap<int,int,`testHashMap'::`2'::Hashint>::Iterator::next”: 不是所有的控件路径都返回值
     1>d:\study\1.5\data stc\bees_5100309068_chenqiming\bees_vs\hashset.h(87): warning C4715: “HashSet<int,`testHashSet'::`2'::Hashint>::ConstIterator::next”: 不是所有的控件路径都返回值
     1>d:\study\1.5\data stc\bees_5100309068_chenqiming\bees_vs\hashset.h(135): warning C4715: “HashSet<int,`testHashSet'::`2'::Hashint>::Iterator::next”: 不是所有的控件路径都返回值
         已完成代码的生成
         bees_vs.vcxproj -> D:\study\1.5\data stc\bees_5100309068_chenqiming\Release\bees_vs.exe
       Manifest:
         C:\Program Files\Microsoft SDKs\Windows\v7.0A\bin\mt.exe /nologo /verbose /outputresource:"D:\study\1.5\data stc\bees_5100309068_chenqiming\Release\bees_vs.exe;#1" /manifest Release\bees_vs.exe.intermediate.manifest
       FinalizeBuildStatus:
         正在删除文件“Release\bees_vs.unsuccessfulbuild”。
         正在对“Release\bees_vs.lastbuildstate”执行 Touch 任务。
     1>已完成生成项目“D:\study\1.5\data stc\bees_5100309068_chenqiming\bees_vs\bees_vs.vcxproj”(build 个目标)的操作。

生成成功。

已用时间 00:00:04.26
